d:\recherche\pici_amidex\dev_audio\3daudioengine\3daudioengine_dev_2020.2.0\nativecode\visualstudio\build\release\audioplugin_atspatializer.lib
d:\recherche\pici_amidex\dev_audio\3daudioengine\3daudioengine_dev_2020.2.0\nativecode\visualstudio\build\release\audioplugin_atspatializer.exp
d:\recherche\pici_amidex\dev_audio\3daudioengine\3daudioengine_dev_2020.2.0\nativecode\visualstudio\build\release\audioplugin_atspatializer.ipdb
d:\recherche\pici_amidex\dev_audio\3daudioengine\3daudioengine_dev_2020.2.0\nativecode\visualstudio\build\release\audioplugin_atspatializer.iobj
d:\recherche\pici_amidex\dev_audio\3daudioengine\3daudioengine_dev_2020.2.0\nativecode\visualstudio\build\release\vc142.pdb
d:\recherche\pici_amidex\dev_audio\3daudioengine\3daudioengine_dev_2020.2.0\nativecode\visualstudio\build\release\plugin_at_spatializer.obj
d:\recherche\pici_amidex\dev_audio\3daudioengine\3daudioengine_dev_2020.2.0\nativecode\visualstudio\build\release\hrtftable.obj
d:\recherche\pici_amidex\dev_audio\3daudioengine\3daudioengine_dev_2020.2.0\nativecode\visualstudio\build\release\audiopluginutil.obj
d:\recherche\pici_amidex\dev_audio\3daudioengine\3daudioengine_dev_2020.2.0\nativecode\visualstudio\build\release\at_wfsspatializer.obj
d:\recherche\pici_amidex\dev_audio\3daudioengine\3daudioengine_dev_2020.2.0\nativecode\visualstudio\build\release\at_spatializationengine.obj
d:\recherche\pici_amidex\dev_audio\3daudioengine\3daudioengine_dev_2020.2.0\nativecode\visualstudio\build\release\at_effect.obj
d:\recherche\pici_amidex\dev_audio\3daudioengine\3daudioengine_dev_2020.2.0\nativecode\visualstudio\build\release\audioplugin_atspatializer.dll
d:\recherche\pici_amidex\dev_audio\3daudioengine\3daudioengine_dev_2020.2.0\nativecode\visualstudio\build\release\audioplugin_atspatializer.pdb
d:\recherche\pici_amidex\dev_audio\3daudioengine\3daudioengine_dev_2020.2.0\nativecode\visualstudio\build\release\audioplu.f7cfef5a.tlog\audioplugin_atspatializer.write.1u.tlog
d:\recherche\pici_amidex\dev_audio\3daudioengine\3daudioengine_dev_2020.2.0\nativecode\visualstudio\build\release\audioplu.f7cfef5a.tlog\cl.command.1.tlog
d:\recherche\pici_amidex\dev_audio\3daudioengine\3daudioengine_dev_2020.2.0\nativecode\visualstudio\build\release\audioplu.f7cfef5a.tlog\cl.read.1.tlog
d:\recherche\pici_amidex\dev_audio\3daudioengine\3daudioengine_dev_2020.2.0\nativecode\visualstudio\build\release\audioplu.f7cfef5a.tlog\cl.write.1.tlog
d:\recherche\pici_amidex\dev_audio\3daudioengine\3daudioengine_dev_2020.2.0\nativecode\visualstudio\build\release\audioplu.f7cfef5a.tlog\link.command.1.tlog
d:\recherche\pici_amidex\dev_audio\3daudioengine\3daudioengine_dev_2020.2.0\nativecode\visualstudio\build\release\audioplu.f7cfef5a.tlog\link.read.1.tlog
d:\recherche\pici_amidex\dev_audio\3daudioengine\3daudioengine_dev_2020.2.0\nativecode\visualstudio\build\release\audioplu.f7cfef5a.tlog\link.write.1.tlog
